{"name":"User successfully created","id":"register-usuario;user-successfully-created","testSteps":[{"number":1,"description":"Given than Michel in the home page","duration":28274,"startTime":"2022-08-21T22:51:01.799820-05:00[America/Bogota]","exception":{"errorType":"net.thucydides.core.webdriver.exceptions.ElementShouldBeEnabledException","message":"Expected enabled element was not enabled","stackTrace":[{"classLoaderName":"app","declaringClass":"com.utest.reto.tasks.Login","methodName":"performAs","fileName":"Login.java","lineNumber":21,"format":1},{"classLoaderName":"app","declaringClass":"com.utest.reto.stepdefinitions.RegisterUserStepDefinitions","methodName":"thanMichelInTheHomePage","fileName":"RegisterUserStepDefinitions.java","lineNumber":21,"format":1},{"classLoaderName":"app","declaringClass":"cucumber.runner.Runner","methodName":"runPickle","fileName":"Runner.java","lineNumber":80,"format":1},{"classLoaderName":"app","declaringClass":"worker.org.gradle.process.internal.worker.GradleWorkerMain","methodName":"run","fileName":"GradleWorkerMain.java","lineNumber":69,"format":1},{"classLoaderName":"app","declaringClass":"worker.org.gradle.process.internal.worker.GradleWorkerMain","methodName":"main","fileName":"GradleWorkerMain.java","lineNumber":74,"format":1}],"rootCause":{"errorType":"org.openqa.selenium.TimeoutException","message":"Expected condition failed: waiting for By.xpath: //input@id\u003d\"lastName\"] to be enabled (tried for 5 second(s) with 100 milliseconds interval)","stackTrace":[{"classLoaderName":"app","declaringClass":"com.utest.reto.tasks.Login","methodName":"performAs","fileName":"Login.java","lineNumber":21,"format":1},{"classLoaderName":"app","declaringClass":"com.utest.reto.stepdefinitions.RegisterUserStepDefinitions","methodName":"thanMichelInTheHomePage","fileName":"RegisterUserStepDefinitions.java","lineNumber":21,"format":1},{"classLoaderName":"app","declaringClass":"cucumber.runner.Runner","methodName":"runPickle","fileName":"Runner.java","lineNumber":80,"format":1},{"classLoaderName":"app","declaringClass":"worker.org.gradle.process.internal.worker.GradleWorkerMain","methodName":"run","fileName":"GradleWorkerMain.java","lineNumber":69,"format":1},{"classLoaderName":"app","declaringClass":"worker.org.gradle.process.internal.worker.GradleWorkerMain","methodName":"main","fileName":"GradleWorkerMain.java","lineNumber":74,"format":1}],"rootCause":{"errorType":"org.openqa.selenium.InvalidSelectorException","message":"invalid selector: Unable to locate an element with the xpath expression //input@id\u003d\"lastName\"] because of the following error:\nSyntaxError: Failed to execute \u0027evaluate\u0027 on \u0027Document\u0027: The string \u0027//input@id\u003d\"lastName\"]\u0027 is not a valid XPath expression.\n  (Session info: chrome\u003d104.0.5112.81)\nFor documentation on this error, please visit: https://www.seleniumhq.org/exceptions/invalid_selector_exception.html\nBuild info: version: \u00273.141.59\u0027, revision: \u0027e82be7d358\u0027, time: \u00272018-11-14T08:17:03\u0027\nSystem info: host: \u0027DESKTOP-B57QBRR\u0027, ip: \u0027192.168.43.108\u0027, os.name: \u0027Windows 10\u0027, os.arch: \u0027amd64\u0027, os.version: \u002710.0\u0027, java.version: \u002711.0.12\u0027\nDriver info: org.openqa.selenium.chrome.ChromeDriver\nCapabilities {acceptInsecureCerts: false, browserName: chrome, browserVersion: 104.0.5112.81, chrome: {chromedriverVersion: 104.0.5112.79 (3cf3e8c8a07d..., userDataDir: C:\\Users\\VALERI~1\\AppData\\L...}, goog:chromeOptions: {debuggerAddress: localhost:64828}, javascriptEnabled: true, networkConnectionEnabled: false, pageLoadStrategy: normal, platform: WINDOWS, platformName: WINDOWS, proxy: Proxy(), setWindowRect: true, strictFileInteractability: false, timeouts: {implicit: 0, pageLoad: 300000, script: 30000}, unhandledPromptBehavior: dismiss and notify, webauthn:extension:credBlob: true, webauthn:extension:largeBlob: true, webauthn:virtualAuthenticators: true}\nSession ID: 4f4587792535f4fa17e3cd0295fe40ae\n*** Element info: {Using\u003dxpath, value\u003d//input@id\u003d\"lastName\"]}","stackTrace":[{"classLoaderName":"app","declaringClass":"com.utest.reto.tasks.Login","methodName":"performAs","fileName":"Login.java","lineNumber":21,"format":1},{"classLoaderName":"app","declaringClass":"com.utest.reto.stepdefinitions.RegisterUserStepDefinitions","methodName":"thanMichelInTheHomePage","fileName":"RegisterUserStepDefinitions.java","lineNumber":21,"format":1},{"classLoaderName":"app","declaringClass":"cucumber.runner.Runner","methodName":"runPickle","fileName":"Runner.java","lineNumber":80,"format":1},{"classLoaderName":"app","declaringClass":"worker.org.gradle.process.internal.worker.GradleWorkerMain","methodName":"run","fileName":"GradleWorkerMain.java","lineNumber":69,"format":1},{"classLoaderName":"app","declaringClass":"worker.org.gradle.process.internal.worker.GradleWorkerMain","methodName":"main","fileName":"GradleWorkerMain.java","lineNumber":74,"format":1}]}}},"result":"FAILURE","precondition":false,"level":0,"lineNumber":0,"children":[{"number":2,"description":"Michel open up","duration":20214,"startTime":"2022-08-21T22:51:02.975425400-05:00[America/Bogota]","screenshots":[{"screenshot":"c7a8313da04254e604d2866f8ab14fdffcca00152955a3f2ed07b1c8eaaa972e.png","timeStamp":1661140283189}],"result":"SUCCESS","precondition":false,"level":1,"lineNumber":0,"children":[{"number":3,"description":"Michel opens the Utestmy page","duration":20135,"startTime":"2022-08-21T22:51:03.014320700-05:00[America/Bogota]","screenshots":[{"screenshot":"c7a8313da04254e604d2866f8ab14fdffcca00152955a3f2ed07b1c8eaaa972e.png","timeStamp":1661140283149}],"result":"SUCCESS","precondition":false,"level":2,"lineNumber":0}]},{"number":4,"description":"Michel login","duration":6859,"startTime":"2022-08-21T22:51:23.194783300-05:00[America/Bogota]","exception":{"errorType":"net.thucydides.core.webdriver.exceptions.ElementShouldBeEnabledException","message":"Expected enabled element was not enabled","stackTrace":[{"classLoaderName":"app","declaringClass":"com.utest.reto.tasks.Login","methodName":"performAs","fileName":"Login.java","lineNumber":21,"format":1},{"classLoaderName":"app","declaringClass":"com.utest.reto.stepdefinitions.RegisterUserStepDefinitions","methodName":"thanMichelInTheHomePage","fileName":"RegisterUserStepDefinitions.java","lineNumber":21,"format":1},{"classLoaderName":"app","declaringClass":"cucumber.runner.Runner","methodName":"runPickle","fileName":"Runner.java","lineNumber":80,"format":1},{"classLoaderName":"app","declaringClass":"worker.org.gradle.process.internal.worker.GradleWorkerMain","methodName":"run","fileName":"GradleWorkerMain.java","lineNumber":69,"format":1},{"classLoaderName":"app","declaringClass":"worker.org.gradle.process.internal.worker.GradleWorkerMain","methodName":"main","fileName":"GradleWorkerMain.java","lineNumber":74,"format":1}],"rootCause":{"errorType":"org.openqa.selenium.TimeoutException","message":"Expected condition failed: waiting for By.xpath: //input@id\u003d\"lastName\"] to be enabled (tried for 5 second(s) with 100 milliseconds interval)","stackTrace":[{"classLoaderName":"app","declaringClass":"com.utest.reto.tasks.Login","methodName":"performAs","fileName":"Login.java","lineNumber":21,"format":1},{"classLoaderName":"app","declaringClass":"com.utest.reto.stepdefinitions.RegisterUserStepDefinitions","methodName":"thanMichelInTheHomePage","fileName":"RegisterUserStepDefinitions.java","lineNumber":21,"format":1},{"classLoaderName":"app","declaringClass":"cucumber.runner.Runner","methodName":"runPickle","fileName":"Runner.java","lineNumber":80,"format":1},{"classLoaderName":"app","declaringClass":"worker.org.gradle.process.internal.worker.GradleWorkerMain","methodName":"run","fileName":"GradleWorkerMain.java","lineNumber":69,"format":1},{"classLoaderName":"app","declaringClass":"worker.org.gradle.process.internal.worker.GradleWorkerMain","methodName":"main","fileName":"GradleWorkerMain.java","lineNumber":74,"format":1}],"rootCause":{"errorType":"org.openqa.selenium.InvalidSelectorException","message":"invalid selector: Unable to locate an element with the xpath expression //input@id\u003d\"lastName\"] because of the following error:\nSyntaxError: Failed to execute \u0027evaluate\u0027 on \u0027Document\u0027: The string \u0027//input@id\u003d\"lastName\"]\u0027 is not a valid XPath expression.\n  (Session info: chrome\u003d104.0.5112.81)\nFor documentation on this error, please visit: https://www.seleniumhq.org/exceptions/invalid_selector_exception.html\nBuild info: version: \u00273.141.59\u0027, revision: \u0027e82be7d358\u0027, time: \u00272018-11-14T08:17:03\u0027\nSystem info: host: \u0027DESKTOP-B57QBRR\u0027, ip: \u0027192.168.43.108\u0027, os.name: \u0027Windows 10\u0027, os.arch: \u0027amd64\u0027, os.version: \u002710.0\u0027, java.version: \u002711.0.12\u0027\nDriver info: org.openqa.selenium.chrome.ChromeDriver\nCapabilities {acceptInsecureCerts: false, browserName: chrome, browserVersion: 104.0.5112.81, chrome: {chromedriverVersion: 104.0.5112.79 (3cf3e8c8a07d..., userDataDir: C:\\Users\\VALERI~1\\AppData\\L...}, goog:chromeOptions: {debuggerAddress: localhost:64828}, javascriptEnabled: true, networkConnectionEnabled: false, pageLoadStrategy: normal, platform: WINDOWS, platformName: WINDOWS, proxy: Proxy(), setWindowRect: true, strictFileInteractability: false, timeouts: {implicit: 0, pageLoad: 300000, script: 30000}, unhandledPromptBehavior: dismiss and notify, webauthn:extension:credBlob: true, webauthn:extension:largeBlob: true, webauthn:virtualAuthenticators: true}\nSession ID: 4f4587792535f4fa17e3cd0295fe40ae\n*** Element info: {Using\u003dxpath, value\u003d//input@id\u003d\"lastName\"]}","stackTrace":[{"classLoaderName":"app","declaringClass":"com.utest.reto.tasks.Login","methodName":"performAs","fileName":"Login.java","lineNumber":21,"format":1},{"classLoaderName":"app","declaringClass":"com.utest.reto.stepdefinitions.RegisterUserStepDefinitions","methodName":"thanMichelInTheHomePage","fileName":"RegisterUserStepDefinitions.java","lineNumber":21,"format":1},{"classLoaderName":"app","declaringClass":"cucumber.runner.Runner","methodName":"runPickle","fileName":"Runner.java","lineNumber":80,"format":1},{"classLoaderName":"app","declaringClass":"worker.org.gradle.process.internal.worker.GradleWorkerMain","methodName":"run","fileName":"GradleWorkerMain.java","lineNumber":69,"format":1},{"classLoaderName":"app","declaringClass":"worker.org.gradle.process.internal.worker.GradleWorkerMain","methodName":"main","fileName":"GradleWorkerMain.java","lineNumber":74,"format":1}]}}},"result":"FAILURE","precondition":false,"level":1,"lineNumber":0,"children":[{"number":5,"description":"Michel clicks on botÃ³n que nos muestra el formulario para registro","duration":910,"startTime":"2022-08-21T22:51:23.531782300-05:00[America/Bogota]","screenshots":[{"screenshot":"6a8704f7eae0b3c69b53a19ba7adba51653ae41fbce183c8250f36f62b150754.png","timeStamp":1661140284440}],"result":"SUCCESS","precondition":false,"level":2,"lineNumber":0},{"number":6,"description":"Michel enters \u0027Ingresa tu nombre\u0027 into Last Name","duration":5581,"startTime":"2022-08-21T22:51:24.444922600-05:00[America/Bogota]","screenshots":[{"screenshot":"4548d3edfd5f1b4df0e8990ace2875f28d67e215add241e7d8aaf01a812fb142.png","htmlSource":"pagesource7341578541166819566.html.txt","timeStamp":1661140290014}],"exception":{"errorType":"net.thucydides.core.webdriver.exceptions.ElementShouldBeEnabledException","message":"Expected enabled element was not enabled","stackTrace":[{"classLoaderName":"app","declaringClass":"com.utest.reto.tasks.Login","methodName":"performAs","fileName":"Login.java","lineNumber":21,"format":1},{"classLoaderName":"app","declaringClass":"com.utest.reto.stepdefinitions.RegisterUserStepDefinitions","methodName":"thanMichelInTheHomePage","fileName":"RegisterUserStepDefinitions.java","lineNumber":21,"format":1},{"classLoaderName":"app","declaringClass":"cucumber.runner.Runner","methodName":"runPickle","fileName":"Runner.java","lineNumber":80,"format":1},{"classLoaderName":"app","declaringClass":"worker.org.gradle.process.internal.worker.GradleWorkerMain","methodName":"run","fileName":"GradleWorkerMain.java","lineNumber":69,"format":1},{"classLoaderName":"app","declaringClass":"worker.org.gradle.process.internal.worker.GradleWorkerMain","methodName":"main","fileName":"GradleWorkerMain.java","lineNumber":74,"format":1}],"rootCause":{"errorType":"org.openqa.selenium.TimeoutException","message":"Expected condition failed: waiting for By.xpath: //input@id\u003d\"lastName\"] to be enabled (tried for 5 second(s) with 100 milliseconds interval)","stackTrace":[{"classLoaderName":"app","declaringClass":"com.utest.reto.tasks.Login","methodName":"performAs","fileName":"Login.java","lineNumber":21,"format":1},{"classLoaderName":"app","declaringClass":"com.utest.reto.stepdefinitions.RegisterUserStepDefinitions","methodName":"thanMichelInTheHomePage","fileName":"RegisterUserStepDefinitions.java","lineNumber":21,"format":1},{"classLoaderName":"app","declaringClass":"cucumber.runner.Runner","methodName":"runPickle","fileName":"Runner.java","lineNumber":80,"format":1},{"classLoaderName":"app","declaringClass":"worker.org.gradle.process.internal.worker.GradleWorkerMain","methodName":"run","fileName":"GradleWorkerMain.java","lineNumber":69,"format":1},{"classLoaderName":"app","declaringClass":"worker.org.gradle.process.internal.worker.GradleWorkerMain","methodName":"main","fileName":"GradleWorkerMain.java","lineNumber":74,"format":1}],"rootCause":{"errorType":"org.openqa.selenium.InvalidSelectorException","message":"invalid selector: Unable to locate an element with the xpath expression //input@id\u003d\"lastName\"] because of the following error:\nSyntaxError: Failed to execute \u0027evaluate\u0027 on \u0027Document\u0027: The string \u0027//input@id\u003d\"lastName\"]\u0027 is not a valid XPath expression.\n  (Session info: chrome\u003d104.0.5112.81)\nFor documentation on this error, please visit: https://www.seleniumhq.org/exceptions/invalid_selector_exception.html\nBuild info: version: \u00273.141.59\u0027, revision: \u0027e82be7d358\u0027, time: \u00272018-11-14T08:17:03\u0027\nSystem info: host: \u0027DESKTOP-B57QBRR\u0027, ip: \u0027192.168.43.108\u0027, os.name: \u0027Windows 10\u0027, os.arch: \u0027amd64\u0027, os.version: \u002710.0\u0027, java.version: \u002711.0.12\u0027\nDriver info: org.openqa.selenium.chrome.ChromeDriver\nCapabilities {acceptInsecureCerts: false, browserName: chrome, browserVersion: 104.0.5112.81, chrome: {chromedriverVersion: 104.0.5112.79 (3cf3e8c8a07d..., userDataDir: C:\\Users\\VALERI~1\\AppData\\L...}, goog:chromeOptions: {debuggerAddress: localhost:64828}, javascriptEnabled: true, networkConnectionEnabled: false, pageLoadStrategy: normal, platform: WINDOWS, platformName: WINDOWS, proxy: Proxy(), setWindowRect: true, strictFileInteractability: false, timeouts: {implicit: 0, pageLoad: 300000, script: 30000}, unhandledPromptBehavior: dismiss and notify, webauthn:extension:credBlob: true, webauthn:extension:largeBlob: true, webauthn:virtualAuthenticators: true}\nSession ID: 4f4587792535f4fa17e3cd0295fe40ae\n*** Element info: {Using\u003dxpath, value\u003d//input@id\u003d\"lastName\"]}","stackTrace":[{"classLoaderName":"app","declaringClass":"com.utest.reto.tasks.Login","methodName":"performAs","fileName":"Login.java","lineNumber":21,"format":1},{"classLoaderName":"app","declaringClass":"com.utest.reto.stepdefinitions.RegisterUserStepDefinitions","methodName":"thanMichelInTheHomePage","fileName":"RegisterUserStepDefinitions.java","lineNumber":21,"format":1},{"classLoaderName":"app","declaringClass":"cucumber.runner.Runner","methodName":"runPickle","fileName":"Runner.java","lineNumber":80,"format":1},{"classLoaderName":"app","declaringClass":"worker.org.gradle.process.internal.worker.GradleWorkerMain","methodName":"run","fileName":"GradleWorkerMain.java","lineNumber":69,"format":1},{"classLoaderName":"app","declaringClass":"worker.org.gradle.process.internal.worker.GradleWorkerMain","methodName":"main","fileName":"GradleWorkerMain.java","lineNumber":74,"format":1}]}}},"result":"FAILURE","precondition":false,"level":2,"lineNumber":0}]}]},{"number":7,"description":"When he create an account","duration":5,"startTime":"2022-08-21T22:51:30.108323400-05:00[America/Bogota]","result":"SKIPPED","precondition":false,"level":0,"lineNumber":0},{"number":8,"description":"Then he sees it is username","duration":5,"startTime":"2022-08-21T22:51:30.117464800-05:00[America/Bogota]","result":"SKIPPED","precondition":false,"level":0,"lineNumber":0}],"userStory":{"id":"register-usuario","storyName":"Register Usuario","path":"src/test/resources/features/register_user.feature","narrative":"    I am a Utest user, I want create a new record to access the user","type":"feature"},"featureTag":{"name":"Features/Register Usuario","type":"feature","displayName":"Features/Register Usuario"},"title":"User successfully created","tags":[{"name":"Register Usuario","type":"feature","displayName":"Register Usuario"},{"name":"Scenario1","type":"tag","displayName":"Scenario1"},{"name":"stories","type":"tag","displayName":"stories"}],"startTime":"2022-08-21T22:51:01.545083700-05:00[America/Bogota]","duration":28583,"testFailureCause":{"errorType":"net.thucydides.core.webdriver.exceptions.ElementShouldBeEnabledException","message":"Expected enabled element was not enabled","stackTrace":[{"classLoaderName":"app","declaringClass":"com.utest.reto.tasks.Login","methodName":"performAs","fileName":"Login.java","lineNumber":21,"format":1},{"classLoaderName":"app","declaringClass":"com.utest.reto.stepdefinitions.RegisterUserStepDefinitions","methodName":"thanMichelInTheHomePage","fileName":"RegisterUserStepDefinitions.java","lineNumber":21,"format":1},{"classLoaderName":"app","declaringClass":"cucumber.runner.Runner","methodName":"runPickle","fileName":"Runner.java","lineNumber":80,"format":1},{"classLoaderName":"app","declaringClass":"worker.org.gradle.process.internal.worker.GradleWorkerMain","methodName":"run","fileName":"GradleWorkerMain.java","lineNumber":69,"format":1},{"classLoaderName":"app","declaringClass":"worker.org.gradle.process.internal.worker.GradleWorkerMain","methodName":"main","fileName":"GradleWorkerMain.java","lineNumber":74,"format":1}],"rootCause":{"errorType":"org.openqa.selenium.TimeoutException","message":"Expected condition failed: waiting for By.xpath: //input@id\u003d\"lastName\"] to be enabled (tried for 5 second(s) with 100 milliseconds interval)","stackTrace":[{"classLoaderName":"app","declaringClass":"com.utest.reto.tasks.Login","methodName":"performAs","fileName":"Login.java","lineNumber":21,"format":1},{"classLoaderName":"app","declaringClass":"com.utest.reto.stepdefinitions.RegisterUserStepDefinitions","methodName":"thanMichelInTheHomePage","fileName":"RegisterUserStepDefinitions.java","lineNumber":21,"format":1},{"classLoaderName":"app","declaringClass":"cucumber.runner.Runner","methodName":"runPickle","fileName":"Runner.java","lineNumber":80,"format":1},{"classLoaderName":"app","declaringClass":"worker.org.gradle.process.internal.worker.GradleWorkerMain","methodName":"run","fileName":"GradleWorkerMain.java","lineNumber":69,"format":1},{"classLoaderName":"app","declaringClass":"worker.org.gradle.process.internal.worker.GradleWorkerMain","methodName":"main","fileName":"GradleWorkerMain.java","lineNumber":74,"format":1}],"rootCause":{"errorType":"org.openqa.selenium.InvalidSelectorException","message":"invalid selector: Unable to locate an element with the xpath expression //input@id\u003d\"lastName\"] because of the following error:\nSyntaxError: Failed to execute \u0027evaluate\u0027 on \u0027Document\u0027: The string \u0027//input@id\u003d\"lastName\"]\u0027 is not a valid XPath expression.\n  (Session info: chrome\u003d104.0.5112.81)\nFor documentation on this error, please visit: https://www.seleniumhq.org/exceptions/invalid_selector_exception.html\nBuild info: version: \u00273.141.59\u0027, revision: \u0027e82be7d358\u0027, time: \u00272018-11-14T08:17:03\u0027\nSystem info: host: \u0027DESKTOP-B57QBRR\u0027, ip: \u0027192.168.43.108\u0027, os.name: \u0027Windows 10\u0027, os.arch: \u0027amd64\u0027, os.version: \u002710.0\u0027, java.version: \u002711.0.12\u0027\nDriver info: org.openqa.selenium.chrome.ChromeDriver\nCapabilities {acceptInsecureCerts: false, browserName: chrome, browserVersion: 104.0.5112.81, chrome: {chromedriverVersion: 104.0.5112.79 (3cf3e8c8a07d..., userDataDir: C:\\Users\\VALERI~1\\AppData\\L...}, goog:chromeOptions: {debuggerAddress: localhost:64828}, javascriptEnabled: true, networkConnectionEnabled: false, pageLoadStrategy: normal, platform: WINDOWS, platformName: WINDOWS, proxy: Proxy(), setWindowRect: true, strictFileInteractability: false, timeouts: {implicit: 0, pageLoad: 300000, script: 30000}, unhandledPromptBehavior: dismiss and notify, webauthn:extension:credBlob: true, webauthn:extension:largeBlob: true, webauthn:virtualAuthenticators: true}\nSession ID: 4f4587792535f4fa17e3cd0295fe40ae\n*** Element info: {Using\u003dxpath, value\u003d//input@id\u003d\"lastName\"]}","stackTrace":[{"classLoaderName":"app","declaringClass":"com.utest.reto.tasks.Login","methodName":"performAs","fileName":"Login.java","lineNumber":21,"format":1},{"classLoaderName":"app","declaringClass":"com.utest.reto.stepdefinitions.RegisterUserStepDefinitions","methodName":"thanMichelInTheHomePage","fileName":"RegisterUserStepDefinitions.java","lineNumber":21,"format":1},{"classLoaderName":"app","declaringClass":"cucumber.runner.Runner","methodName":"runPickle","fileName":"Runner.java","lineNumber":80,"format":1},{"classLoaderName":"app","declaringClass":"worker.org.gradle.process.internal.worker.GradleWorkerMain","methodName":"run","fileName":"GradleWorkerMain.java","lineNumber":69,"format":1},{"classLoaderName":"app","declaringClass":"worker.org.gradle.process.internal.worker.GradleWorkerMain","methodName":"main","fileName":"GradleWorkerMain.java","lineNumber":74,"format":1}]}}},"testFailureClassname":"net.thucydides.core.webdriver.exceptions.ElementShouldBeEnabledException","testFailureMessage":"Expected enabled element was not enabled","testFailureSummary":"FAILURE;net.thucydides.core.webdriver.exceptions.ElementShouldBeEnabledException;Expected enabled element was not enabled;Login.java","projectKey":"","annotatedResult":"FAILURE","sessionId":"4f4587792535f4fa17e3cd0295fe40ae","driver":"chrome:michel","isManualTestingUpToDate":false,"manual":false,"testSource":"Cucumber","actors":[{"name":"Michel","can":["browse the web"]}],"result":"FAILURE"}